--------------------------------------------------------------------------------
      name:  <unnamed>
       log:  C:\Users\sandl305\Documents\GitHub\ParadiseFire\Analysis\programs\l
> ogs/01_download_data2023.04.04.log
  log type:  text
 opened on:   4 Apr 2023, 14:27:29

. 
. *Just download 2013-2020 data.
. forvalues yr=2013/2020{
  2.         forvalues i=0/1{
  3.                 quietly copy https://lehd.ces.census.gov/data/lodes/LODES8/
> ca/od/ca_od_main_JT0`i'_`yr'.csv.gz $data/lodes_od/ca_od_main_JT0`i'_`yr'.csv.
> gz, replace
  4.                 ! gunzip $data/lodes_od/ca_od_main_JT0`i'_`yr'.csv.gz
  5.                 quietly copy https://lehd.ces.census.gov/data/lodes/LODES8/
> ca/od/ca_od_aux_JT0`i'_`yr'.csv.gz $data/lodes_od/ca_od_aux_JT0`i'_`yr'.csv.gz
> , replace
  6.                 ! gunzip $data/lodes_od/ca_od_aux_JT0`i'_`yr'.csv.gz
  7.                 quietly copy https://lehd.ces.census.gov/data/lodes/LODES8/
> ca/rac/ca_rac_S000_JT0`i'_`yr'.csv.gz $data/lodes_rac/ca_rac_S000_JT0`i'_`yr'.
> csv.gz, replace
  8.                 ! gunzip $data/lodes_rac/ca_rac_S000_JT0`i'_`yr'.csv.gz
  9.                 quietly copy https://lehd.ces.census.gov/data/lodes/LODES8/
> ca/rac/ca_rac_SA01_JT0`i'_`yr'.csv.gz $data/lodes_rac/ca_rac_SA01_JT0`i'_`yr'.
> csv.gz, replace
 10.                 ! gunzip $data/lodes_rac/ca_rac_SA01_JT0`i'_`yr'.csv.gz
 11.                 quietly copy https://lehd.ces.census.gov/data/lodes/LODES8/
> ca/rac/ca_rac_SA02_JT0`i'_`yr'.csv.gz $data/lodes_rac/ca_rac_SA02_JT0`i'_`yr'.
> csv.gz, replace
 12.                 ! gunzip $data/lodes_rac/ca_rac_SA02_JT0`i'_`yr'.csv.gz
 13.                 quietly copy https://lehd.ces.census.gov/data/lodes/LODES8/
> ca/rac/ca_rac_SA03_JT0`i'_`yr'.csv.gz $data/lodes_rac/ca_rac_SA03_JT0`i'_`yr'.
> csv.gz, replace
 14.                 ! gunzip $data/lodes_rac/ca_rac_SA03_JT0`i'_`yr'.csv.gz
 15.                 quietly copy https://lehd.ces.census.gov/data/lodes/LODES8/
> ca/rac/ca_rac_SE01_JT0`i'_`yr'.csv.gz $data/lodes_rac/ca_rac_SE01_JT0`i'_`yr'.
> csv.gz, replace
 16.                 ! gunzip $data/lodes_rac/ca_rac_SE01_JT0`i'_`yr'.csv.gz
 17.                 quietly copy https://lehd.ces.census.gov/data/lodes/LODES8/
> ca/rac/ca_rac_SE02_JT0`i'_`yr'.csv.gz $data/lodes_rac/ca_rac_SE02_JT0`i'_`yr'.
> csv.gz, replace
 18.                 ! gunzip $data/lodes_rac/ca_rac_SE02_JT0`i'_`yr'.csv.gz
 19.                 quietly copy https://lehd.ces.census.gov/data/lodes/LODES8/
> ca/rac/ca_rac_SE03_JT0`i'_`yr'.csv.gz $data/lodes_rac/ca_rac_SE03_JT0`i'_`yr'.
> csv.gz, replace
 20.                 ! gunzip $data/lodes_rac/ca_rac_SE03_JT0`i'_`yr'.csv.gz
 21.                 quietly copy https://lehd.ces.census.gov/data/lodes/LODES8/
> ca/rac/ca_rac_SI01_JT0`i'_`yr'.csv.gz $data/lodes_rac/ca_rac_SI01_JT0`i'_`yr'.
> csv.gz, replace
 22.                 ! gunzip $data/lodes_rac/ca_rac_SI01_JT0`i'_`yr'.csv.gz
 23.                 quietly copy https://lehd.ces.census.gov/data/lodes/LODES8/
> ca/rac/ca_rac_SI02_JT0`i'_`yr'.csv.gz $data/lodes_rac/ca_rac_SI02_JT0`i'_`yr'.
> csv.gz, replace
 24.                 ! gunzip $data/lodes_rac/ca_rac_SI02_JT0`i'_`yr'.csv.gz
 25.                 quietly copy https://lehd.ces.census.gov/data/lodes/LODES8/
> ca/rac/ca_rac_SI03_JT0`i'_`yr'.csv.gz $data/lodes_rac/ca_rac_SI03_JT0`i'_`yr'.
> csv.gz, replace
 26.                 ! gunzip $data/lodes_rac/ca_rac_SI03_JT0`i'_`yr'.csv.gz
 27.                 quietly copy https://lehd.ces.census.gov/data/lodes/LODES8/
> ca/wac/ca_wac_S000_JT0`i'_`yr'.csv.gz $data/lodes_wac/ca_wac_S000_JT0`i'_`yr'.
> csv.gz, replace
 28.                 ! gunzip $data/lodes_wac/ca_wac_S000_JT0`i'_`yr'.csv.gz
 29.                 quietly copy https://lehd.ces.census.gov/data/lodes/LODES8/
> ca/wac/ca_wac_SA01_JT0`i'_`yr'.csv.gz $data/lodes_wac/ca_wac_SA01_JT0`i'_`yr'.
> csv.gz, replace
 30.                 ! gunzip $data/lodes_wac/ca_wac_SA01_JT0`i'_`yr'.csv.gz
 31.                 quietly copy https://lehd.ces.census.gov/data/lodes/LODES8/
> ca/wac/ca_wac_SA02_JT0`i'_`yr'.csv.gz $data/lodes_wac/ca_wac_SA02_JT0`i'_`yr'.
> csv.gz, replace
 32.                 ! gunzip $data/lodes_wac/ca_wac_SA02_JT0`i'_`yr'.csv.gz
 33.                 quietly copy https://lehd.ces.census.gov/data/lodes/LODES8/
> ca/wac/ca_wac_SA03_JT0`i'_`yr'.csv.gz $data/lodes_wac/ca_wac_SA03_JT0`i'_`yr'.
> csv.gz, replace
 34.                 ! gunzip $data/lodes_wac/ca_wac_SA03_JT0`i'_`yr'.csv.gz
 35.                 quietly copy https://lehd.ces.census.gov/data/lodes/LODES8/
> ca/wac/ca_wac_SE01_JT0`i'_`yr'.csv.gz $data/lodes_wac/ca_wac_SE01_JT0`i'_`yr'.
> csv.gz, replace
 36.                 ! gunzip $data/lodes_wac/ca_wac_SE01_JT0`i'_`yr'.csv.gz
 37.                 quietly copy https://lehd.ces.census.gov/data/lodes/LODES8/
> ca/wac/ca_wac_SE02_JT0`i'_`yr'.csv.gz $data/lodes_wac/ca_wac_SE02_JT0`i'_`yr'.
> csv.gz, replace
 38.                 ! gunzip $data/lodes_wac/ca_wac_SE02_JT0`i'_`yr'.csv.gz
 39.                 quietly copy https://lehd.ces.census.gov/data/lodes/LODES8/
> ca/wac/ca_wac_SE03_JT0`i'_`yr'.csv.gz $data/lodes_wac/ca_wac_SE03_JT0`i'_`yr'.
> csv.gz, replace
 40.                 ! gunzip $data/lodes_wac/ca_wac_SE03_JT0`i'_`yr'.csv.gz
 41.                 quietly copy https://lehd.ces.census.gov/data/lodes/LODES8/
> ca/wac/ca_wac_SI01_JT0`i'_`yr'.csv.gz $data/lodes_wac/ca_wac_SI01_JT0`i'_`yr'.
> csv.gz, replace
 42.                 ! gunzip $data/lodes_wac/ca_wac_SI01_JT0`i'_`yr'.csv.gz
 43.                 quietly copy https://lehd.ces.census.gov/data/lodes/LODES8/
> ca/wac/ca_wac_SI02_JT0`i'_`yr'.csv.gz $data/lodes_wac/ca_wac_SI02_JT0`i'_`yr'.
> csv.gz, replace
 44.                 ! gunzip $data/lodes_wac/ca_wac_SI02_JT0`i'_`yr'.csv.gz
 45.                 quietly copy https://lehd.ces.census.gov/data/lodes/LODES8/
> ca/wac/ca_wac_SI03_JT0`i'_`yr'.csv.gz $data/lodes_wac/ca_wac_SI03_JT0`i'_`yr'.
> csv.gz, replace
 46.                 ! gunzip $data/lodes_wac/ca_wac_SI03_JT0`i'_`yr'.csv.gz
 47.                 
.         }
 48. }

.         
. 
. 
. *California Geography Crosswalk 
. quietly copy https://lehd.ces.census.gov/data/lodes/LODES8/ca/ca_xwalk.csv.gz 
> $data/ca_xwalk.csv.gz, replace

. ! gunzip $data/ca_xwalk.csv.gz

. 
. 
end of do-file

. ! gunzip $data/ca_xwalk.csv.gz

. ! gunzip $data/lodes_wac/ca_wac_SI03_JT01_2020.csv.gz

. ! unzip $data/lodes_wac/ca_wac_SI03_JT01_2020.csv.gz

. shell  gunzip $data/lodes_wac/ca_wac_SI03_JT01_2020.csv.gz

. shell gunzip $data/ca_xwalk.csv.gz

. ! gunzip $data/ca_xwalk.csv.gz

. !

. ! cd $data

. display $data
C:\Users\sandl305\Documents\GitHub\ParadiseFire\Analysis\data invalid name
r(198);

. ! gunzip C:\Users\sandl305\Documents\GitHub\ParadiseFire\Analysis\data\ca_xwal
> k.csv.gz

