--------------------------------------------------------------------------------------------------
      name:  <unnamed>
       log:  C:\Users\sandl305\Documents\GitHub\ParadiseFire\Analysis\programs\logs/02_extract_But
> teCo2022.06.10.log
  log type:  text
 opened on:  10 Jun 2022, 07:14:24

. 
. *Bring in Origin-Destination Main dataset, for All Jobs (JT00)
. *Make sure to bring in as double so it doesn't round the geocode variables
. forvalues i=2017/2019{
  2.         insheet using $data/lodes_od/ca_od_main_JT00_`i'.csv, double clear
  3. 
.         *Convert geocodes to string variables
.         tostring w_geocode, replace format(%14.0f)
  4.         tostring h_geocode, replace format(%14.0f)
  5.         *Add a zero to be consistent with standard FIPS formatting
.         replace w_geocode="0"+w_geocode
  6.         replace h_geocode="0"+h_geocode
  7. 
.         *Create county FIPS from first five digits of geocode
.         gen w_county=substr(w_geocode,1,5)
  8.         gen h_county=substr(h_geocode,1,5)
  9. 
.         *Keep only Butte County (FIPS=06007)
.         keep if w_county=="06007" | h_county=="06007"
 10. 
.         save $data/od_main_JT00_`i'.dta, replace
 11. }
(13 vars, 15,396,268 obs)
w_geocode was double now str14
h_geocode was double now str14
variable w_geocode was str14 now str15
(15,396,268 real changes made)
variable h_geocode was str14 now str15
(15,396,268 real changes made)
(15,304,137 observations deleted)
file C:\Users\sandl305\Documents\GitHub\ParadiseFire\Analysis\data/od_main_JT00_2017.dta saved
(13 vars, 15,688,804 obs)
w_geocode was double now str14
h_geocode was double now str14
variable w_geocode was str14 now str15
(15,688,804 real changes made)
variable h_geocode was str14 now str15
(15,688,804 real changes made)
(15,594,932 observations deleted)
(file C:\Users\sandl305\Documents\GitHub\ParadiseFire\Analysis\data/od_main_JT00_2018.dta not
    found)
file C:\Users\sandl305\Documents\GitHub\ParadiseFire\Analysis\data/od_main_JT00_2018.dta saved
(13 vars, 15,821,583 obs)
w_geocode was double now str14
h_geocode was double now str14
variable w_geocode was str14 now str15
(15,821,583 real changes made)
variable h_geocode was str14 now str15
(15,821,583 real changes made)
(15,731,505 observations deleted)
(file C:\Users\sandl305\Documents\GitHub\ParadiseFire\Analysis\data/od_main_JT00_2019.dta not
    found)
file C:\Users\sandl305\Documents\GitHub\ParadiseFire\Analysis\data/od_main_JT00_2019.dta saved

. 
end of do-file

