--------------------------------------------------------------------------------------------------------
      name:  <unnamed>
       log:  C:\Users\Gabriela.Lahera\Documents\GitHub\ParadiseFire\Analysis\programs\logs/07.1_differen
> ce_in_difference2022.07.19.log
  log type:  text
 opened on:  19 Jul 2022, 00:15:17

. 
. use $data/wac_2013_2019.dta

. *create difference in difference variable
. gen did = (year>2018)*paradise 

. 
. *control variables (2017 levels)
. bysort w_geocode: egen c000_2018=max(c000*(year==2018))

. bysort w_geocode: egen ca02_2018=max(ca02*(year==2018))

. bysort w_geocode: egen cd02_2018=max(cd02*(year==2018))

. bysort w_geocode: egen cd03_2018=max(cd03*(year==2018))

. bysort w_geocode: egen cd04_2018=max(cd04*(year==2018))

. bysort w_geocode: egen cs02_2018=max(cs02*(year==2018))

. gen age_pwork = ca02_2018/c000_2018
(1,243 missing values generated)

. gen ed_hsplus = (cd02_2018+cd03_2018)/c000_2018
(1,243 missing values generated)

. gen ed_college = cd04_2018/c000_2018
(1,243 missing values generated)

. gen p_female = cs02_2018/c000_2018
(1,243 missing values generated)

. 
. *run regressions (total jobs)
. reg c000 did paradise i.year, r

Linear regression                               Number of obs     =     13,231
                                                F(8, 13222)       =       1.42
                                                Prob > F          =     0.1832
                                                R-squared         =     0.0002
                                                Root MSE          =     149.53

------------------------------------------------------------------------------
             |               Robust
        c000 | Coefficient  std. err.      t    P>|t|     [95% conf. interval]
-------------+----------------------------------------------------------------
         did |  -20.14051   8.553283    -2.35   0.019    -36.90617   -3.374847
    paradise |   .1383228   5.271698     0.03   0.979    -10.19496    10.47161
             |
        year |
       2014  |   .4959255   4.488561     0.11   0.912    -8.302298    9.294149
       2015  |   .7932065   4.459336     0.18   0.859    -7.947731    9.534144
       2016  |   1.701918   4.687283     0.36   0.717    -7.485829    10.88967
       2017  |   2.056643   4.793294     0.43   0.668    -7.338902    11.45219
       2018  |   1.757359   4.838595     0.36   0.716    -7.726982     11.2417
       2019  |   2.442471   4.970181     0.49   0.623    -7.299796    12.18474
             |
       _cons |   39.74153   3.148233    12.62   0.000     33.57055    45.91252
------------------------------------------------------------------------------

. eststo all: reg c000 did paradise i.year age_pwork ed_hsplus ed_college p_female, r

Linear regression                               Number of obs     =     11,988
                                                F(12, 11975)      =      16.29
                                                Prob > F          =     0.0000
                                                R-squared         =     0.0032
                                                Root MSE          =     154.31

------------------------------------------------------------------------------
             |               Robust
        c000 | Coefficient  std. err.      t    P>|t|     [95% conf. interval]
-------------+----------------------------------------------------------------
         did |  -20.22645   8.883146    -2.28   0.023    -37.63885   -2.814041
    paradise |   .0331565   5.503813     0.01   0.995    -10.75521    10.82152
             |
        year |
       2014  |   1.822124    4.92773     0.37   0.712    -7.837025    11.48127
       2015  |   1.629372   4.848835     0.34   0.737    -7.875131    11.13388
       2016  |   1.251676   5.020938     0.25   0.803    -8.590177    11.09353
       2017  |   .4095161    5.04325     0.08   0.935    -9.476071     10.2951
       2018  |  -2.758361   4.891062    -0.56   0.573    -12.34563    6.828913
       2019  |   .3129965   5.231741     0.06   0.952    -9.942063    10.56806
             |
   age_pwork |   11.39587   1.864211     6.11   0.000     7.741718    15.05003
   ed_hsplus |  -19.30537   2.304217    -8.38   0.000    -23.82201   -14.78874
  ed_college |    20.0639   4.870341     4.12   0.000     10.51725    29.61056
    p_female |   5.337017   2.214579     2.41   0.016     .9960836     9.67795
       _cons |   42.32705   4.173439    10.14   0.000     34.14643    50.50767
------------------------------------------------------------------------------

. 
. 
. ****Run regressions per industry 
. *Construction
. eststo const: reg cns04 did paradise i.year age_pwork ed_hsplus ed_college p_female, r

Linear regression                               Number of obs     =     11,988
                                                F(12, 11975)      =      21.45
                                                Prob > F          =     0.0000
                                                R-squared         =     0.0145
                                                Root MSE          =     11.096

------------------------------------------------------------------------------
             |               Robust
       cns04 | Coefficient  std. err.      t    P>|t|     [95% conf. interval]
-------------+----------------------------------------------------------------
         did |  -.1978432    .424855    -0.47   0.641    -1.030628    .6349414
    paradise |  -.9844878   .1536664    -6.41   0.000    -1.285699   -.6832768
             |
        year |
       2014  |   .2636481   .3183752     0.83   0.408    -.3604189    .8877151
       2015  |   .2718268   .3145131     0.86   0.387    -.3446698    .8883234
       2016  |   .3923497   .3248116     1.21   0.227    -.2443338    1.029033
       2017  |   .5171272   .3293825     1.57   0.116     -.128516     1.16277
       2018  |   .6329224   .3849223     1.64   0.100    -.1215878    1.387432
       2019  |   .7700995   .3785317     2.03   0.042      .028116    1.512083
             |
   age_pwork |   1.373111   .1349678    10.17   0.000     1.108553     1.63767
   ed_hsplus |  -.1818437   .1307658    -1.39   0.164    -.4381659    .0744785
  ed_college |  -.0669308   .1785452    -0.37   0.708    -.4169083    .2830466
    p_female |  -3.675346   .2606174   -14.10   0.000    -4.186199   -3.164494
       _cons |   3.024198    .260051    11.63   0.000     2.514456     3.53394
------------------------------------------------------------------------------

. *Retail Trade 
. eststo retail: reg cns07 did paradise i.year age_pwork ed_hsplus ed_college p_female, r

Linear regression                               Number of obs     =     11,988
                                                F(12, 11975)      =      12.12
                                                Prob > F          =     0.0000
                                                R-squared         =     0.0034
                                                Root MSE          =     30.497

------------------------------------------------------------------------------
             |               Robust
       cns07 | Coefficient  std. err.      t    P>|t|     [95% conf. interval]
-------------+----------------------------------------------------------------
         did |  -2.996158    1.32937    -2.25   0.024    -5.601938   -.3903785
    paradise |  -.6368543   .6400986    -0.99   0.320    -1.891551    .6178428
             |
        year |
       2014  |   .0293169   .9420299     0.03   0.975    -1.817214    1.875848
       2015  |   .1125338   .9508904     0.12   0.906    -1.751365    1.976433
       2016  |   .0008725   .9451426     0.00   0.999     -1.85176    1.853505
       2017  |   .0776827   .9723264     0.08   0.936    -1.828235      1.9836
       2018  |  -.3253207   1.011409    -0.32   0.748    -2.307846    1.657205
       2019  |   .1710333   1.128979     0.15   0.880    -2.041949    2.384015
             |
   age_pwork |  -.2819592    .297072    -0.95   0.343    -.8642684      .30035
   ed_hsplus |  -6.004076   .6013284    -9.98   0.000    -7.182777   -4.825375
  ed_college |  -5.565163   .6629449    -8.39   0.000    -6.864643   -4.265684
    p_female |  -.9665385   .2930621    -3.30   0.001    -1.540988   -.3920894
       _cons |   9.494409   .8611525    11.03   0.000     7.806411    11.18241
------------------------------------------------------------------------------

. *Educational Services
. eststo edu: reg cns15 did paradise i.year age_pwork ed_hsplus ed_college p_female, r 

Linear regression                               Number of obs     =     11,988
                                                F(12, 11975)      =       9.48
                                                Prob > F          =     0.0000
                                                R-squared         =     0.0037
                                                Root MSE          =     65.734

------------------------------------------------------------------------------
             |               Robust
       cns15 | Coefficient  std. err.      t    P>|t|     [95% conf. interval]
-------------+----------------------------------------------------------------
         did |   1.134955   2.575483     0.44   0.659    -3.913409     6.18332
    paradise |  -2.030143   .9622001    -2.11   0.035    -3.916211   -.1440743
             |
        year |
       2014  |   .1537481    2.30222     0.07   0.947    -4.358976    4.666473
       2015  |   .1176948   2.297973     0.05   0.959    -4.386704    4.622094
       2016  |  -.1521184   2.297807    -0.07   0.947    -4.656192    4.351955
       2017  |  -.1610417   2.295917    -0.07   0.944    -4.661411    4.339327
       2018  |  -.6244399   2.207741    -0.28   0.777     -4.95197    3.703091
       2019  |  -.5633796   2.202847    -0.26   0.798    -4.881317    3.754558
             |
   age_pwork |  -.3401141   .6126188    -0.56   0.579    -1.540946    .8607181
   ed_hsplus |   1.086976   1.043699     1.04   0.298     -.958844    3.132795
  ed_college |   18.21807   3.053045     5.97   0.000     12.23361    24.20254
    p_female |   4.365255   .5144154     8.49   0.000     3.356917    5.373592
       _cons |   .3445322   2.193934     0.16   0.875    -3.955933    4.644998
------------------------------------------------------------------------------

. *Health Care & Social Assistance 
. eststo health: reg cns16 did paradise i.year age_pwork ed_hsplus ed_college p_female, r

Linear regression                               Number of obs     =     11,988
                                                F(12, 11975)      =      11.09
                                                Prob > F          =     0.0000
                                                R-squared         =     0.0042
                                                Root MSE          =     92.996

------------------------------------------------------------------------------
             |               Robust
       cns16 | Coefficient  std. err.      t    P>|t|     [95% conf. interval]
-------------+----------------------------------------------------------------
         did |  -13.56465   6.823061    -1.99   0.047    -26.93895    -.190342
    paradise |   14.85309   4.711477     3.15   0.002      5.61783    24.08835
             |
        year |
       2014  |   1.801249   2.766233     0.65   0.515    -3.621015    7.223514
       2015  |   1.946296   2.696907     0.72   0.471    -3.340078     7.23267
       2016  |   1.796387    2.70852     0.66   0.507    -3.512751    7.105525
       2017  |   1.490576   2.746369     0.54   0.587    -3.892753    6.873905
       2018  |   .9563936   2.674611     0.36   0.721    -4.286277    6.199064
       2019  |   2.100854   2.961302     0.71   0.478    -3.703778    7.905487
             |
   age_pwork |   3.926141   .8143289     4.82   0.000     2.329925    5.522358
   ed_hsplus |  -2.653389   .7937538    -3.34   0.001    -4.209275   -1.097503
  ed_college |   6.366481   1.684051     3.78   0.000     3.065469    9.667493
    p_female |   13.70344   1.561198     8.78   0.000     10.64324    16.76365
       _cons |  -.9074091   1.883323    -0.48   0.630    -4.599028     2.78421
------------------------------------------------------------------------------

. *Accomodation & Food Services 
. eststo food: reg cns18 did paradise i.year age_pwork ed_hsplus ed_college p_female, r

Linear regression                               Number of obs     =     11,988
                                                F(12, 11975)      =      18.84
                                                Prob > F          =     0.0000
                                                R-squared         =     0.0090
                                                Root MSE          =     26.991

------------------------------------------------------------------------------
             |               Robust
       cns18 | Coefficient  std. err.      t    P>|t|     [95% conf. interval]
-------------+----------------------------------------------------------------
         did |  -2.885997   .9421061    -3.06   0.002    -4.732677   -1.039316
    paradise |  -1.355024   .5068365    -2.67   0.008    -2.348505    -.361542
             |
        year |
       2014  |   .3140718   .8721102     0.36   0.719    -1.395406    2.023549
       2015  |   .4511456   .8913634     0.51   0.613    -1.296071    2.198362
       2016  |   .4974708   .8816908     0.56   0.573    -1.230786    2.225728
       2017  |   .4001876   .8680261     0.46   0.645    -1.301284    2.101659
       2018  |   .2399442   .8425401     0.28   0.776    -1.411571    1.891459
       2019  |    .415127   .8842901     0.47   0.639    -1.318225    2.148479
             |
   age_pwork |  -1.466202   .2516058    -5.83   0.000     -1.95939   -.9730139
   ed_hsplus |  -8.491398    .598232   -14.19   0.000    -9.664029   -7.318766
  ed_college |  -8.045492   .6451101   -12.47   0.000    -9.310012   -6.780971
    p_female |   1.327289   .2254288     5.89   0.000     .8854116    1.769166
       _cons |    9.96867   .8048502    12.39   0.000     8.391033    11.54631
------------------------------------------------------------------------------

. *Public Administration 
. eststo public: reg cns20 did paradise i.year age_pwork ed_hsplus ed_college p_female, r

Linear regression                               Number of obs     =     11,988
                                                F(12, 11975)      =       5.37
                                                Prob > F          =     0.0000
                                                R-squared         =     0.0018
                                                Root MSE          =     38.668

------------------------------------------------------------------------------
             |               Robust
       cns20 | Coefficient  std. err.      t    P>|t|     [95% conf. interval]
-------------+----------------------------------------------------------------
         did |   .3045522    1.10809     0.27   0.783    -1.867484    2.476588
    paradise |  -2.234908   .3967073    -5.63   0.000    -3.012519   -1.457298
             |
        year |
       2014  |  -.0787017   1.257932    -0.06   0.950    -2.544452    2.387048
       2015  |    .155404   1.240518     0.13   0.900    -2.276212     2.58702
       2016  |  -.1501866   1.369521    -0.11   0.913    -2.834669    2.534296
       2017  |  -.1882367   1.352914    -0.14   0.889    -2.840167    2.463694
       2018  |  -.4704517   1.270107    -0.37   0.711    -2.960067    2.019164
       2019  |  -.3446011   1.374139    -0.25   0.802    -3.038137    2.348935
             |
   age_pwork |   2.779402   .4909148     5.66   0.000     1.817129    3.741674
   ed_hsplus |   2.318563   .4650844     4.99   0.000     1.406922    3.230203
  ed_college |   5.854866   1.028874     5.69   0.000     3.838106    7.871627
    p_female |  -.3904275   .4596445    -0.85   0.396    -1.291405    .5105503
       _cons |  -.6693071   .9673636    -0.69   0.489    -2.565497    1.226882
------------------------------------------------------------------------------

. 
. ****Run regressions per earnings 
. *$1,250 or less
. eststo low: reg ce01 did paradise i.year age_pwork ed_hsplus ed_college  p_female, r

Linear regression                               Number of obs     =     11,988
                                                F(12, 11975)      =      21.31
                                                Prob > F          =     0.0000
                                                R-squared         =     0.0074
                                                Root MSE          =     39.202

------------------------------------------------------------------------------
             |               Robust
        ce01 | Coefficient  std. err.      t    P>|t|     [95% conf. interval]
-------------+----------------------------------------------------------------
         did |  -6.099723   2.064526    -2.95   0.003    -10.14653   -2.052916
    paradise |   1.958008   1.150778     1.70   0.089    -.2977042     4.21372
             |
        year |
       2014  |  -.0668273   1.476226    -0.05   0.964    -2.960469    2.826814
       2015  |  -.5343137   1.409376    -0.38   0.705    -3.296918    2.228291
       2016  |   -1.29686   1.424921    -0.91   0.363    -4.089937    1.496217
       2017  |   -2.15127   1.366472    -1.57   0.115    -4.829777    .5272364
       2018  |  -3.260416   1.334273    -2.44   0.015    -5.875807   -.6450248
       2019  |   -3.21184   1.379594    -2.33   0.020    -5.916069   -.5076114
             |
   age_pwork |   -.101287   .4866243    -0.21   0.835    -1.055149    .8525756
   ed_hsplus |  -9.688572   .7938844   -12.20   0.000    -11.24471    -8.13243
  ed_college |  -1.294494   1.282418    -1.01   0.313    -3.808241    1.219254
    p_female |   4.828425   .4735403    10.20   0.000     3.900209    5.756641
       _cons |   16.98475   1.259194    13.49   0.000     14.51652    19.45297
------------------------------------------------------------------------------

. *$1,251 to $3,333
. eststo medium: reg ce02 did paradise i.year age_pwork ed_hsplus ed_college  p_female, r

Linear regression                               Number of obs     =     11,988
                                                F(12, 11975)      =      19.77
                                                Prob > F          =     0.0000
                                                R-squared         =     0.0031
                                                Root MSE          =     50.496

------------------------------------------------------------------------------
             |               Robust
        ce02 | Coefficient  std. err.      t    P>|t|     [95% conf. interval]
-------------+----------------------------------------------------------------
         did |  -6.838607   3.351905    -2.04   0.041    -13.40888   -.2683305
    paradise |    .405949   2.067805     0.20   0.844    -3.647284    4.459182
             |
        year |
       2014  |   .0748979   1.685441     0.04   0.965     -3.22884    3.378636
       2015  |  -.0324716   1.673837    -0.02   0.985    -3.313463     3.24852
       2016  |   .2895607   1.704844     0.17   0.865    -3.052209    3.631331
       2017  |  -.0932277   1.741494    -0.05   0.957    -3.506838    3.320383
       2018  |  -1.546795   1.663533    -0.93   0.352    -4.807589    1.713998
       2019  |  -.7106509    1.75047    -0.41   0.685    -4.141856    2.720554
             |
   age_pwork |   4.079683   .6352434     6.42   0.000     2.834503    5.324863
   ed_hsplus |  -8.670362   .8013641   -10.82   0.000    -10.24117   -7.099559
  ed_college |   2.315116   1.482441     1.56   0.118    -.5907092    5.220941
    p_female |   1.172838   .7513458     1.56   0.119    -.2999216    2.645598
       _cons |   17.74047   1.466494    12.10   0.000     14.86591    20.61504
------------------------------------------------------------------------------

. *more than $3,333
. eststo high: reg ce03 did paradise i.year age_pwork ed_hsplus ed_college p_female, r

Linear regression                               Number of obs     =     11,988
                                                F(12, 11975)      =      14.27
                                                Prob > F          =     0.0000
                                                R-squared         =     0.0035
                                                Root MSE          =     82.383

------------------------------------------------------------------------------
             |               Robust
        ce03 | Coefficient  std. err.      t    P>|t|     [95% conf. interval]
-------------+----------------------------------------------------------------
         did |  -7.288118   4.196308    -1.74   0.082    -15.51356    .9373254
    paradise |    -2.3308   2.708107    -0.86   0.389    -7.639129    2.977528
             |
        year |
       2014  |   1.814053   2.450206     0.74   0.459    -2.988747    6.616853
       2015  |   2.196157   2.443113     0.90   0.369    -2.592741    6.985056
       2016  |   2.258975   2.522529     0.90   0.371    -2.685591    7.203541
       2017  |   2.654014   2.511829     1.06   0.291    -2.269579    7.577607
       2018  |   2.048851   2.455781     0.83   0.404    -2.764878     6.86258
       2019  |   4.235488   2.719083     1.56   0.119    -1.094355     9.56533
             |
   age_pwork |   7.417479   .9135403     8.12   0.000     5.626792    9.208166
   ed_hsplus |  -.9464392   1.006354    -0.94   0.347    -2.919057    1.026179
  ed_college |   19.04328   2.393202     7.96   0.000     14.35222    23.73435
    p_female |  -.6642464   1.206686    -0.55   0.582    -3.029547    1.701055
       _cons |   7.601829    1.99376     3.81   0.000     3.693736    11.50992
------------------------------------------------------------------------------

. 
. esttab all const retail edu health food public using $output\tables\industry_test.csv, replace nonum d
> rop(*year) mtitles("All" "Construction" "Retail" "Education" "Healthcare" "Accomodation & Food" "Publi
> c Administration") varlabel(paradise "Paradise" did "Post-Fire" age_pwork "% Prime-Age" ed_hsplus "% H
> igh School" ed_college "% College" p_female "% Female" )
(output written to C:\Users\Gabriela.Lahera\Documents\GitHub\ParadiseFire\Analysis\tables\industry_test.
> csv)

. 
. esttab all low medium high using $output\tables\earnings_test.csv, replace nonum drop(*year) mtitles("
> All" "Low Earnings" "Medium Earnings" "High Earnings") varlabel(paradise "Paradise" did "Post-Fire" ag
> e_pwork "% Prime-Age" ed_hsplus "% High School" ed_college "% College" p_female "% Female" )
(output written to C:\Users\Gabriela.Lahera\Documents\GitHub\ParadiseFire\Analysis\tables\earnings_test.
> csv)

. 
end of do-file

. exit, clear
