--------------------------------------------------------------------------------------------------------
      name:  <unnamed>
       log:  C:\Users\Gabriela.Lahera\Documents\GitHub\ParadiseFire\Analysis\programs\logs/07_difference
> _in_difference2022.07.19.log
  log type:  text
 opened on:  19 Jul 2022, 00:15:14

. 
. 
. use $data/wac_2013_2019.dta

. *create difference in difference variable
. gen did = (year>2017)*paradise 

. 
. *control variables (2017 levels)
. bysort w_geocode: egen c000_2017=max(c000*(year==2017))

. bysort w_geocode: egen ca02_2017=max(ca02*(year==2017))

. bysort w_geocode: egen cd02_2017=max(cd02*(year==2017))

. bysort w_geocode: egen cd03_2017=max(cd03*(year==2017))

. bysort w_geocode: egen cd04_2017=max(cd04*(year==2017))

. bysort w_geocode: egen cs02_2017=max(cs02*(year==2017))

. gen age_pwork = ca02_2017/c000_2017
(1,273 missing values generated)

. gen ed_hsplus = (cd02_2017+cd03_2017)/c000_2017
(1,273 missing values generated)

. gen ed_college = cd04_2017/c000_2017
(1,273 missing values generated)

. gen p_female = cs02_2017/c000_2017
(1,273 missing values generated)

. 
. *run regressions (total jobs)
. reg c000 did paradise i.year, r

Linear regression                               Number of obs     =     13,231
                                                F(8, 13222)       =       0.31
                                                Prob > F          =     0.9609
                                                R-squared         =     0.0001
                                                Root MSE          =     149.54

------------------------------------------------------------------------------
             |               Robust
        c000 | Coefficient  std. err.      t    P>|t|     [95% conf. interval]
-------------+----------------------------------------------------------------
         did |  -12.04789   9.497452    -1.27   0.205    -30.66426     6.56848
    paradise |   .9667347   5.814201     0.17   0.868    -10.42993     12.3634
             |
        year |
       2014  |   .4944077   4.488532     0.11   0.912    -8.303758    9.292573
       2015  |   .7928714     4.4593     0.18   0.859    -7.947996    9.533738
       2016  |   1.698327   4.687363     0.36   0.717    -7.489577    10.88623
       2017  |    2.05005   4.793657     0.43   0.669    -7.346206    11.44631
       2018  |   2.582115   4.909536     0.53   0.599    -7.041279    12.20551
       2019  |   1.978613   4.897811     0.40   0.686    -7.621799    11.57903
             |
       _cons |   39.68837   3.151601    12.59   0.000     33.51078    45.86596
------------------------------------------------------------------------------

. eststo all: reg c000 did paradise i.year age_pwork ed_hsplus ed_college p_female, r

Linear regression                               Number of obs     =     11,958
                                                F(12, 11945)      =      20.40
                                                Prob > F          =     0.0000
                                                R-squared         =     0.0050
                                                Root MSE          =      152.1

------------------------------------------------------------------------------
             |               Robust
        c000 | Coefficient  std. err.      t    P>|t|     [95% conf. interval]
-------------+----------------------------------------------------------------
         did |  -13.94532   9.833605    -1.42   0.156    -33.22078    5.330145
    paradise |   .8579516   5.992556     0.14   0.886    -10.88843    12.60433
             |
        year |
       2014  |  -.1237241   4.519354    -0.03   0.978    -8.982393    8.734945
       2015  |   1.412831   4.783257     0.30   0.768     -7.96313    10.78879
       2016  |   .2841396    4.89225     0.06   0.954    -9.305466    9.873745
       2017  |  -1.897244   4.821946    -0.39   0.694    -11.34904    7.554553
       2018  |    2.55414   5.230103     0.49   0.625    -7.697712    12.80599
       2019  |   3.064723   5.323683     0.58   0.565    -7.370563    13.50001
             |
   age_pwork |   7.551857   1.774039     4.26   0.000     4.074453    11.02926
   ed_hsplus |  -23.89617   2.509678    -9.52   0.000    -28.81555    -18.9768
  ed_college |   31.61442    6.04375     5.23   0.000     19.76769    43.46115
    p_female |   4.940923   2.206377     2.24   0.025     .6160661     9.26578
       _cons |   44.74712   4.264096    10.49   0.000      36.3888    53.10544
------------------------------------------------------------------------------

. 
. 
. ****Run regressions per industry 
. *Construction
. eststo const: reg cns04 did paradise i.year age_pwork ed_hsplus ed_college p_female, r

Linear regression                               Number of obs     =     11,958
                                                F(12, 11945)      =      24.90
                                                Prob > F          =     0.0000
                                                R-squared         =     0.0151
                                                Root MSE          =     11.111

------------------------------------------------------------------------------
             |               Robust
       cns04 | Coefficient  std. err.      t    P>|t|     [95% conf. interval]
-------------+----------------------------------------------------------------
         did |  -.4039171   .3486372    -1.16   0.247    -1.087303    .2794684
    paradise |  -.8697182   .1592262    -5.46   0.000    -1.181827    -.557609
             |
        year |
       2014  |   .2456979   .3163702     0.78   0.437    -.3744392    .8658349
       2015  |   .2262919   .3116776     0.73   0.468    -.3846468    .8372307
       2016  |   .3322593   .3178062     1.05   0.296    -.2906924    .9552111
       2017  |   .4023898   .3161195     1.27   0.203    -.2172559    1.022035
       2018  |   .8231086   .4266994     1.93   0.054    -.0132916    1.659509
       2019  |   .8926756   .3861007     2.31   0.021     .1358554    1.649496
             |
   age_pwork |   1.261119   .1782714     7.07   0.000      .911678     1.61056
   ed_hsplus |  -.6156646   .1822854    -3.38   0.001    -.9729737   -.2583555
  ed_college |   .0146065   .2794267     0.05   0.958    -.5331153    .5623284
    p_female |  -3.727233   .2321853   -16.05   0.000    -4.182354   -3.272112
       _cons |   3.327171   .2779387    11.97   0.000     2.782366    3.871976
------------------------------------------------------------------------------

. *Retail Trade 
. eststo retail: reg cns07 did paradise i.year age_pwork ed_hsplus ed_college p_female, r

Linear regression                               Number of obs     =     11,958
                                                F(12, 11945)      =      13.51
                                                Prob > F          =     0.0000
                                                R-squared         =     0.0041
                                                Root MSE          =     30.525

------------------------------------------------------------------------------
             |               Robust
       cns07 | Coefficient  std. err.      t    P>|t|     [95% conf. interval]
-------------+----------------------------------------------------------------
         did |   -2.44341   1.141388    -2.14   0.032    -4.680716   -.2061046
    paradise |  -.1841756   .7190752    -0.26   0.798     -1.59368    1.225329
             |
        year |
       2014  |   .0298888   .9318875     0.03   0.974    -1.796762     1.85654
       2015  |   .0860675   .9383894     0.09   0.927    -1.753328    1.925463
       2016  |  -.1023695   .9226763    -0.11   0.912    -1.910965    1.706226
       2017  |  -.1778224     .93255    -0.19   0.849    -2.005772    1.650127
       2018  |   .3409956   1.100958     0.31   0.757    -1.817061    2.499052
       2019  |   .5004659   1.149099     0.44   0.663    -1.751956    2.752888
             |
   age_pwork |  -.3818925   .2562016    -1.49   0.136    -.8840893    .1203044
   ed_hsplus |  -6.554944   .6025047   -10.88   0.000    -7.735951   -5.373937
  ed_college |  -4.966654   .6912525    -7.19   0.000    -6.321621   -3.611687
    p_female |  -1.578798   .3136432    -5.03   0.000     -2.19359   -.9640063
       _cons |   9.995561   .8766468    11.40   0.000     8.277191    11.71393
------------------------------------------------------------------------------

. *Educational Services
. eststo edu: reg cns15 did paradise i.year age_pwork ed_hsplus ed_college p_female, r 

Linear regression                               Number of obs     =     11,958
                                                F(12, 11945)      =      10.30
                                                Prob > F          =     0.0000
                                                R-squared         =     0.0047
                                                Root MSE          =     65.784

------------------------------------------------------------------------------
             |               Robust
       cns15 | Coefficient  std. err.      t    P>|t|     [95% conf. interval]
-------------+----------------------------------------------------------------
         did |   .7275392   2.099273     0.35   0.729    -3.387376    4.842455
    paradise |  -2.573241   1.049317    -2.45   0.014    -4.630073   -.5164086
             |
        year |
       2014  |   .1256599   2.276624     0.06   0.956    -4.336894    4.588214
       2015  |   .0956197   2.267538     0.04   0.966    -4.349123    4.540363
       2016  |   -.259893   2.242505    -0.12   0.908    -4.655568    4.135782
       2017  |  -.4895752    2.20252    -0.22   0.824    -4.806873    3.827723
       2018  |  -.0943097    2.36895    -0.04   0.968    -4.737837    4.549218
       2019  |  -.2355296   2.224861    -0.11   0.916    -4.596618    4.125559
             |
   age_pwork |  -1.265891   .5701258    -2.22   0.026     -2.38343   -.1483515
   ed_hsplus |   .6633155   1.367696     0.48   0.628    -2.017592    3.344223
  ed_college |   22.32013   3.715474     6.01   0.000      15.0372    29.60307
    p_female |   4.956578   .5564865     8.91   0.000     3.865774    6.047383
       _cons |   .1709592   2.315228     0.07   0.941    -4.367265    4.709183
------------------------------------------------------------------------------

. *Health Care & Social Assistance 
. eststo health: reg cns16 did paradise i.year age_pwork ed_hsplus ed_college p_female, r

Linear regression                               Number of obs     =     11,958
                                                F(12, 11945)      =      10.75
                                                Prob > F          =     0.0000
                                                R-squared         =     0.0046
                                                Root MSE          =     89.245

------------------------------------------------------------------------------
             |               Robust
       cns16 | Coefficient  std. err.      t    P>|t|     [95% conf. interval]
-------------+----------------------------------------------------------------
         did |  -7.906129    8.30969    -0.95   0.341    -24.19447    8.382214
    paradise |   15.10341   5.098163     2.96   0.003     5.110181    25.09664
             |
        year |
       2014  |  -.0911065   2.031757    -0.04   0.964     -4.07368    3.891467
       2015  |   1.889193   2.660455     0.71   0.478    -3.325731    7.104117
       2016  |   1.487096   2.631442     0.57   0.572    -3.670959    6.645151
       2017  |   .8637273    2.60404     0.33   0.740    -4.240614    5.968069
       2018  |   2.418666    2.84639     0.85   0.395    -3.160721    7.998053
       2019  |   2.295363   3.046637     0.75   0.451     -3.67654    8.267267
             |
   age_pwork |   3.145936   .7255873     4.34   0.000     1.723667    4.568206
   ed_hsplus |  -2.495608   .6157332    -4.05   0.000    -3.702545   -1.288671
  ed_college |   8.229675   2.275796     3.62   0.000     3.768745     12.6906
    p_female |   13.70579   1.539355     8.90   0.000     10.68841    16.72318
       _cons |  -.9618679   1.841081    -0.52   0.601    -4.570686     2.64695
------------------------------------------------------------------------------

. *Accomodation & Food Services 
. eststo food: reg cns18 did paradise i.year age_pwork ed_hsplus ed_college p_female, r

Linear regression                               Number of obs     =     11,958
                                                F(12, 11945)      =      20.70
                                                Prob > F          =     0.0000
                                                R-squared         =     0.0110
                                                Root MSE          =     26.996

------------------------------------------------------------------------------
             |               Robust
       cns18 | Coefficient  std. err.      t    P>|t|     [95% conf. interval]
-------------+----------------------------------------------------------------
         did |  -2.107866   .9416741    -2.24   0.025    -3.953701   -.2620321
    paradise |  -.8730079   .5467226    -1.60   0.110    -1.944673    .1986573
             |
        year |
       2014  |   .3423208   .8617769     0.40   0.691    -1.346902    2.031544
       2015  |    .477242    .878502     0.54   0.587    -1.244765    2.199249
       2016  |   .4261007   .8585526     0.50   0.620    -1.256802    2.109003
       2017  |   .2396359   .8308029     0.29   0.773    -1.388873    1.868145
       2018  |   .9157269   .9112714     1.00   0.315    -.8705133    2.701967
       2019  |   .7103716   .8961789     0.79   0.428    -1.046285    2.467028
             |
   age_pwork |  -1.312909   .2356457    -5.57   0.000    -1.774813   -.8510052
   ed_hsplus |  -9.608089   .6640171   -14.47   0.000    -10.90967   -8.306508
  ed_college |  -8.429809   .7339449   -11.49   0.000     -9.86846   -6.991158
    p_female |   .9545845     .22211     4.30   0.000     .5192129    1.389956
       _cons |   10.60885   .8300247    12.78   0.000     8.981865    12.23583
------------------------------------------------------------------------------

. *Public Administration 
. eststo public: reg cns20 did paradise i.year age_pwork ed_hsplus ed_college p_female, r

Linear regression                               Number of obs     =     11,958
                                                F(12, 11945)      =       5.25
                                                Prob > F          =     0.0000
                                                R-squared         =     0.0021
                                                Root MSE          =      38.71

------------------------------------------------------------------------------
             |               Robust
       cns20 | Coefficient  std. err.      t    P>|t|     [95% conf. interval]
-------------+----------------------------------------------------------------
         did |    .067018   .8849525     0.08   0.940    -1.667633    1.801669
    paradise |  -2.362506      .4484    -5.27   0.000    -3.241443   -1.483569
             |
        year |
       2014  |  -.0945451   1.244206    -0.08   0.939    -2.533391    2.344301
       2015  |   .1333256    1.22461     0.11   0.913    -2.267108     2.53376
       2016  |  -.2010663   1.335811    -0.15   0.880    -2.819473     2.41734
       2017  |  -.3216866   1.297033    -0.25   0.804    -2.864082    2.220709
       2018  |  -.2402949   1.368333    -0.18   0.861    -2.922449     2.44186
       2019  |  -.1641122   1.392507    -0.12   0.906    -2.893653    2.565428
             |
   age_pwork |   2.360186   .4541601     5.20   0.000     1.469959    3.250414
   ed_hsplus |   2.059604   .4506237     4.57   0.000     1.176308    2.942899
  ed_college |   7.793263   1.449489     5.38   0.000     4.952029     10.6345
    p_female |  -.1619009   .4585738    -0.35   0.724     -1.06078    .7369782
       _cons |  -.7593095   .9535308    -0.80   0.426    -2.628385    1.109766
------------------------------------------------------------------------------

. 
. ****Run regressions per earnings 
. *$1,250 or less
. eststo low: reg ce01 did paradise i.year age_pwork ed_hsplus ed_college  p_female, r

Linear regression                               Number of obs     =     11,958
                                                F(12, 11945)      =      25.42
                                                Prob > F          =     0.0000
                                                R-squared         =     0.0092
                                                Root MSE          =     39.177

------------------------------------------------------------------------------
             |               Robust
        ce01 | Coefficient  std. err.      t    P>|t|     [95% conf. interval]
-------------+----------------------------------------------------------------
         did |  -3.281087   2.110856    -1.55   0.120    -7.418707    .8565332
    paradise |   2.105063   1.255265     1.68   0.094    -.3554597    4.565586
             |
        year |
       2014  |    -.17202   1.455057    -0.12   0.906    -3.024168    2.680128
       2015  |  -.5502434   1.389991    -0.40   0.692    -3.274852    2.174365
       2016  |  -1.511868    1.39214    -1.09   0.277    -4.240689    1.216953
       2017  |  -2.686743   1.318951    -2.04   0.042    -5.272102   -.1013843
       2018  |  -1.887867   1.405637    -1.34   0.179    -4.643144    .8674101
       2019  |  -2.647437   1.393073    -1.90   0.057    -5.378086     .083212
             |
   age_pwork |  -.5404197   .4704694    -1.15   0.251    -1.462616    .3817768
   ed_hsplus |  -11.37543   .8593612   -13.24   0.000    -13.05992   -9.690946
  ed_college |   .3052884    1.52115     0.20   0.841    -2.676413     3.28699
    p_female |   4.690178   .4666545    10.05   0.000     3.775459    5.604897
       _cons |    17.7837   1.275194    13.95   0.000     15.28411    20.28329
------------------------------------------------------------------------------

. *$1,251 to $3,333
. eststo medium: reg ce02 did paradise i.year age_pwork ed_hsplus ed_college  p_female, r

Linear regression                               Number of obs     =     11,958
                                                F(12, 11945)      =      24.48
                                                Prob > F          =     0.0000
                                                R-squared         =     0.0047
                                                Root MSE          =     50.205

------------------------------------------------------------------------------
             |               Robust
        ce02 | Coefficient  std. err.      t    P>|t|     [95% conf. interval]
-------------+----------------------------------------------------------------
         did |  -4.412442    3.72031    -1.19   0.236    -11.70485     2.87997
    paradise |   .6890048   2.240985     0.31   0.759     -3.70369      5.0817
             |
        year |
       2014  |  -.3632008   1.618734    -0.22   0.822    -3.536182    2.809781
       2015  |  -.1155843   1.651871    -0.07   0.944    -3.353519    3.122351
       2016  |  -.0781127   1.664284    -0.05   0.963    -3.340381    3.184155
       2017  |  -.9383845   1.670469    -0.56   0.574    -4.212776    2.336007
       2018  |   .3279911   1.754576     0.19   0.852    -3.111264    3.767246
       2019  |   .2777006   1.780531     0.16   0.876    -3.212429    3.767831
             |
   age_pwork |   2.933156   .6038934     4.86   0.000     1.749427    4.116885
   ed_hsplus |  -10.54302    .881103   -11.97   0.000    -12.27012   -8.815912
  ed_college |   5.055188   1.798895     2.81   0.005     1.529061    8.581315
    p_female |    .615127    .751136     0.82   0.413    -.8572216    2.087476
       _cons |   19.01912   1.503868    12.65   0.000     16.07129    21.96694
------------------------------------------------------------------------------

. *more than $3,333
. eststo high: reg ce03 did paradise i.year age_pwork ed_hsplus ed_college p_female, r

Linear regression                               Number of obs     =     11,958
                                                F(12, 11945)      =      15.30
                                                Prob > F          =     0.0000
                                                R-squared         =     0.0053
                                                Root MSE          =     80.203

------------------------------------------------------------------------------
             |               Robust
        ce03 | Coefficient  std. err.      t    P>|t|     [95% conf. interval]
-------------+----------------------------------------------------------------
         did |   -6.25179   4.673173    -1.34   0.181    -15.41197    2.908389
    paradise |  -1.936116   2.985174    -0.65   0.517    -7.787542     3.91531
             |
        year |
       2014  |   .4114968   2.036268     0.20   0.840    -3.579919    4.402912
       2015  |   2.078659   2.409661     0.86   0.388    -2.644668    6.801985
       2016  |    1.87412   2.451639     0.76   0.445    -2.931492    6.679732
       2017  |   1.727883   2.388092     0.72   0.469    -2.953166    6.408932
       2018  |   4.114016   2.667269     1.54   0.123    -1.114264    9.342296
       2019  |   5.434459   2.775075     1.96   0.050    -.0051401    10.87406
             |
   age_pwork |   5.159121   .8472895     6.09   0.000     3.498296    6.819946
   ed_hsplus |  -1.977723   1.084112    -1.82   0.068    -4.102759    .1473137
  ed_college |   26.25395   3.100935     8.47   0.000     20.17561    32.33228
    p_female |  -.3643822   1.194804    -0.30   0.760    -2.706392    1.977628
       _cons |   7.944305   2.037245     3.90   0.000     3.950973    11.93764
------------------------------------------------------------------------------

. 
. esttab all const retail edu health food public using $output\tables\industry.csv, replace nonum drop(*
> year) mtitles("All" "Construction" "Retail" "Education" "Healthcare" "Accomodation & Food" "Public Adm
> inistration") varlabel(paradise "Paradise" did "Post-Fire" age_pwork "% Prime-Age" ed_hsplus "% High S
> chool" ed_college "% College" p_female "% Female" )
(output written to C:\Users\Gabriela.Lahera\Documents\GitHub\ParadiseFire\Analysis\tables\industry.csv)

. 
. esttab all low medium high using $output\tables\earnings.csv, replace nonum drop(*year) mtitles("All" 
> "Low Earnings" "Medium Earnings" "High Earnings") varlabel(paradise "Paradise" did "Post-Fire" age_pwo
> rk "% Prime-Age" ed_hsplus "% High School" ed_college "% College" p_female "% Female" )
(output written to C:\Users\Gabriela.Lahera\Documents\GitHub\ParadiseFire\Analysis\tables\earnings.csv)

. 
end of do-file

. do "C:\Users\Gabriela.Lahera\Documents\Github\ParadiseFire\Analysis\programs\07.1_difference_in_differ
> ence.do"

. ******* Regressions with 2019 paradise as treatment 
. 
. if c(username)=="sandl305"{
.         do "C:\Users\sandl305\Documents\GitHub\ParadiseFire\Analysis\programs\00_master_setup.do"
. }

. if c(username)!="sandl305"{
.         do "C:\Users\Gabriela.Lahera\Documents\GitHub\ParadiseFire\Analysis\programs\00_master_setup.d
> o"

. /***************************************
> *Filename: 00_master_setup.do
> *Purpose: Master file for the Paradise Fire research project.
> * Sets file paths correctly for Dani's (c(username)=sandl305), and 
> * Gabby's (c(username)=???) computers
> *Created on: 5/27/2022
> *Created by: Dani Sandler
> *Modifications:
> ***************************************/
. 
. *front matter
. macro drop _all

. clear all

. set more off

. capture log close
