--------------------------------------------------------------------------------------------------------
      name:  <unnamed>
       log:  C:\Users\Gabriela.Lahera\Documents\GitHub\ParadiseFire\Analysis\programs\logs/difference_in
> _difference2022.06.24.log
  log type:  text
 opened on:  24 Jun 2022, 16:53:30

. 
. 
. use $data/wac_S000_JT00_2017.dta, clear

. gen year=2017

. append using $data/wac_S000_JT00_2018.dta

. replace year=2018 if missing(year)
(1,963 real changes made)

. append using $data/wac_S000_JT00_2019.dta
(variable cns15 was int, now long to accommodate using data's values)
(variable cd04 was int, now long to accommodate using data's values)

. replace year=2019 if missing(year)
(1,898 real changes made)

. 
. 
. *I think Paradise Census Tracts are tracts 18,19, 20, 21 within Butte County
. gen h_tract=substr(w_geocode,1,9)

. gen paradise=0

. replace paradise=1 if h_tract=="060070018"
(122 real changes made)

. replace paradise=1 if h_tract=="060070019"
(60 real changes made)

. replace paradise=1 if h_tract=="060070020"
(90 real changes made)

. replace paradise=1 if h_tract=="060070021"
(111 real changes made)

. 
. *create difference in difference variable
. gen did = (year>2017)*paradise 

. 
. *control varibales 
. gen age_pwork = ca02/c000

. gen ed_hsplus = (cd02+cd03)/c000

. gen ed_college = cd04/c000

. gen p_female = cs02/c000

. 
. *run regressions (total jobs)
. reg c000 paradise did i.year, r

Linear regression                               Number of obs     =      5,774
                                                F(4, 5769)        =       0.60
                                                Prob > F          =     0.6609
                                                R-squared         =     0.0002
                                                Root MSE          =      160.2

------------------------------------------------------------------------------
             |               Robust
        c000 | Coefficient  std. err.      t    P>|t|     [95% conf. interval]
-------------+----------------------------------------------------------------
    paradise |  -3.994889   11.93596    -0.33   0.738    -27.39385    19.40407
         did |  -7.086265   14.10228    -0.50   0.615    -34.73202    20.55949
             |
        year |
       2018  |   .1741438   5.354697     0.03   0.974    -10.32307    10.67136
       2019  |  -.4293586   5.343947    -0.08   0.936     -10.9055    10.04678
             |
       _cons |   42.09634   3.807781    11.06   0.000     34.63166    49.56102
------------------------------------------------------------------------------

. reg c000 paradise did i.year age_pwork ed_hsplus ed_college p_female, r

Linear regression                               Number of obs     =      5,774
                                                F(8, 5765)        =      14.35
                                                Prob > F          =     0.0000
                                                R-squared         =     0.0034
                                                Root MSE          =     159.99

------------------------------------------------------------------------------
             |               Robust
        c000 | Coefficient  std. err.      t    P>|t|     [95% conf. interval]
-------------+----------------------------------------------------------------
    paradise |  -2.362065   11.90464    -0.20   0.843    -25.69962    20.97549
         did |  -7.559068   14.07665    -0.54   0.591    -35.15459    20.03646
             |
        year |
       2018  |  -.1473644   5.351069    -0.03   0.978    -10.63747    10.34274
       2019  |  -.6022309   5.338215    -0.11   0.910    -11.06714    9.862674
             |
   age_pwork |   10.72914   2.366435     4.53   0.000     6.090037    15.36824
   ed_hsplus |  -19.69203   2.637373    -7.47   0.000    -24.86227   -14.52178
  ed_college |   23.35992   7.154994     3.26   0.001      9.33344    37.38639
    p_female |   2.939618   3.098382     0.95   0.343    -3.134373     9.01361
       _cons |    41.6564   4.332389     9.62   0.000     33.16329    50.14951
------------------------------------------------------------------------------

. 
. 
. ****Run regressions per industry 
. *Construction
. reg cns04 paradise did i.year age_pwork ed_hsplus ed_college p_female, r

Linear regression                               Number of obs     =      5,774
                                                F(8, 5765)        =      14.94
                                                Prob > F          =     0.0000
                                                R-squared         =     0.0148
                                                Root MSE          =     12.439

------------------------------------------------------------------------------
             |               Robust
       cns04 | Coefficient  std. err.      t    P>|t|     [95% conf. interval]
-------------+----------------------------------------------------------------
    paradise |  -.9073667   .3593955    -2.52   0.012    -1.611917   -.2028166
         did |  -.1920973    .459746    -0.42   0.676    -1.093372    .7091775
             |
        year |
       2018  |   .2177055    .423787     0.51   0.607    -.6130761    1.048487
       2019  |   .2219947   .3843202     0.58   0.564    -.5314174    .9754067
             |
   age_pwork |   1.226076   .1929865     6.35   0.000     .8477503    1.604402
   ed_hsplus |  -.3654975   .1739853    -2.10   0.036     -.706574    -.024421
  ed_college |  -.2471854   .2606138    -0.95   0.343    -.7580863    .2637155
    p_female |  -4.132856   .4217938    -9.80   0.000    -4.959731   -3.305982
       _cons |   3.874817   .3807433    10.18   0.000     3.128417    4.621217
------------------------------------------------------------------------------

. *Retail Trade 
. reg cns07 paradise did i.year age_pwork ed_hsplus ed_college p_female, r

Linear regression                               Number of obs     =      5,774
                                                F(8, 5765)        =       8.26
                                                Prob > F          =     0.0000
                                                R-squared         =     0.0031
                                                Root MSE          =     33.088

------------------------------------------------------------------------------
             |               Robust
       cns07 | Coefficient  std. err.      t    P>|t|     [95% conf. interval]
-------------+----------------------------------------------------------------
    paradise |  -.5716898   1.440274    -0.40   0.691    -3.395168    2.251788
         did |  -1.752907    1.66688    -1.05   0.293    -5.020618    1.514805
             |
        year |
       2018  |   -.003277   1.080271    -0.00   0.998    -2.121014     2.11446
       2019  |   .0380629   1.098786     0.03   0.972    -2.115971    2.192097
             |
   age_pwork |  -.1812963   .3248329    -0.56   0.577    -.8180908    .4554982
   ed_hsplus |  -5.667131   .8151713    -6.95   0.000    -7.265173   -4.069089
  ed_college |  -4.980644   .8956633    -5.56   0.000    -6.736481   -3.224808
    p_female |  -1.563218   .4006184    -3.90   0.000    -2.348581   -.7778557
       _cons |   9.293721   1.137563     8.17   0.000      7.06367    11.52377
------------------------------------------------------------------------------

. *Educational Services
. reg cns15 paradise did i.year age_pwork ed_hsplus ed_college p_female, r 

Linear regression                               Number of obs     =      5,774
                                                F(8, 5765)        =       6.18
                                                Prob > F          =     0.0000
                                                R-squared         =     0.0044
                                                Root MSE          =     64.041

------------------------------------------------------------------------------
             |               Robust
       cns15 | Coefficient  std. err.      t    P>|t|     [95% conf. interval]
-------------+----------------------------------------------------------------
    paradise |  -2.318612   2.408634    -0.96   0.336    -7.040439    2.403215
         did |   .9333466   2.949027     0.32   0.752    -4.847853    6.714547
             |
        year |
       2018  |  -.2269277   2.278943    -0.10   0.921    -4.694512    4.240656
       2019  |  -.4459253   2.129592    -0.21   0.834    -4.620725    3.728875
             |
   age_pwork |   .4627077   .4258206     1.09   0.277    -.3720605    1.297476
   ed_hsplus |   1.881867   .7480939     2.52   0.012     .4153216    3.348412
  ed_college |   19.75969   4.188651     4.72   0.000     11.54836    27.97102
    p_female |   4.356645   .7022973     6.20   0.000     2.979879    5.733412
       _cons |  -1.113072   1.484748    -0.75   0.453    -4.023736    1.797592
------------------------------------------------------------------------------

. *Health Care & Social Assistance 
. reg cns16 paradise did i.year age_pwork ed_hsplus ed_college p_female, r

Linear regression                               Number of obs     =      5,774
                                                F(8, 5765)        =      10.93
                                                Prob > F          =     0.0000
                                                R-squared         =     0.0031
                                                Root MSE          =     98.193

------------------------------------------------------------------------------
             |               Robust
       cns16 | Coefficient  std. err.      t    P>|t|     [95% conf. interval]
-------------+----------------------------------------------------------------
    paradise |   11.70053   9.864285     1.19   0.236    -7.637173    31.03823
         did |  -3.970012   11.72104    -0.34   0.735    -26.94766    19.00764
             |
        year |
       2018  |   .4134458   3.157427     0.13   0.896    -5.776298    6.603189
       2019  |    .068874   3.246792     0.02   0.983    -6.296057    6.433805
             |
   age_pwork |   3.846004   1.226591     3.14   0.002     1.441426    6.250583
   ed_hsplus |  -2.490296   .6084315    -4.09   0.000     -3.68305   -1.297542
  ed_college |    7.36979   2.916447     2.53   0.012     1.652458    13.08712
    p_female |   13.04473   2.217473     5.88   0.000     8.697647    17.39181
       _cons |   .2725864   2.212759     0.12   0.902    -4.065252    4.610425
------------------------------------------------------------------------------

. *Accomodation & Food Services 
. reg cns18 paradise did i.year age_pwork ed_hsplus ed_college p_female, r

Linear regression                               Number of obs     =      5,774
                                                F(8, 5765)        =      14.12
                                                Prob > F          =     0.0000
                                                R-squared         =     0.0095
                                                Root MSE          =     27.041

------------------------------------------------------------------------------
             |               Robust
       cns18 | Coefficient  std. err.      t    P>|t|     [95% conf. interval]
-------------+----------------------------------------------------------------
    paradise |  -1.014404   1.139572    -0.89   0.373    -3.248394    1.219586
         did |  -1.776591   1.352402    -1.31   0.189    -4.427806    .8746243
             |
        year |
       2018  |   .1816608   .9316337     0.19   0.845    -1.644691    2.008013
       2019  |  -.0350698   .9044838    -0.04   0.969    -1.808198    1.738058
             |
   age_pwork |  -1.093666   .3096588    -3.53   0.000    -1.700713   -.4866181
   ed_hsplus |  -8.528001    .849159   -10.04   0.000    -10.19267   -6.863331
  ed_college |  -7.716271   .9212307    -8.38   0.000     -9.52223   -5.910313
    p_female |   .6661633   .2944103     2.26   0.024     .0890085    1.243318
       _cons |   10.25418   1.114649     9.20   0.000     8.069052    12.43932
------------------------------------------------------------------------------

. *Public Administration 
. reg cns20 paradise did i.year age_pwork ed_hsplus ed_college p_female, r

Linear regression                               Number of obs     =      5,774
                                                F(8, 5765)        =       3.40
                                                Prob > F          =     0.0007
                                                R-squared         =     0.0013
                                                Root MSE          =     39.695

------------------------------------------------------------------------------
             |               Robust
       cns20 | Coefficient  std. err.      t    P>|t|     [95% conf. interval]
-------------+----------------------------------------------------------------
    paradise |  -2.182557   1.019875    -2.14   0.032    -4.181896   -.1832191
         did |   .1923177    1.22115     0.16   0.875    -2.201596    2.586231
             |
        year |
       2018  |  -.1338526   1.366776    -0.10   0.922    -2.813246    2.545541
       2019  |  -.1504225   1.364779    -0.11   0.912    -2.825903    2.525058
             |
   age_pwork |   2.138695    .619199     3.45   0.001     .9248324    3.352558
   ed_hsplus |   1.756383   .5921531     2.97   0.003     .5955407    2.917226
  ed_college |   5.365407   1.564725     3.43   0.001     2.297958    8.432856
    p_female |  -.4129407   .5962679    -0.69   0.489     -1.58185    .7559684
       _cons |  -.3459902   .9278375    -0.37   0.709      -2.1649     1.47292
------------------------------------------------------------------------------

. 
. ****Run regressions per earnings 
. *$1,250 or less
. reg ce01 paradise did i.year age_pwork ed_hsplus ed_college  p_female, r

Linear regression                               Number of obs     =      5,774
                                                F(8, 5765)        =      17.57
                                                Prob > F          =     0.0000
                                                R-squared         =     0.0068
                                                Root MSE          =     36.664

------------------------------------------------------------------------------
             |               Robust
        ce01 | Coefficient  std. err.      t    P>|t|     [95% conf. interval]
-------------+----------------------------------------------------------------
    paradise |   1.556326   2.416868     0.64   0.520    -3.181644    6.294295
         did |  -2.200146    2.92024    -0.75   0.451    -7.924914    3.524622
             |
        year |
       2018  |  -.3359436   1.250261    -0.27   0.788    -2.786925    2.115038
       2019  |  -1.182218   1.219072    -0.97   0.332    -3.572057     1.20762
             |
   age_pwork |   .0519311   .5176218     0.10   0.920    -.9628019    1.066664
   ed_hsplus |  -9.369239   .9268046   -10.11   0.000    -11.18612   -7.552354
  ed_college |  -.6120999   1.744281    -0.35   0.726    -4.031545    2.807346
    p_female |   3.705726   .5664675     6.54   0.000     2.595237    4.816215
       _cons |   14.48558   1.220634    11.87   0.000     12.09268    16.87848
------------------------------------------------------------------------------

. *$1,251 to $3,333
. reg ce02 paradise did i.year age_pwork ed_hsplus ed_college  p_female, r

Linear regression                               Number of obs     =      5,774
                                                F(8, 5765)        =      17.67
                                                Prob > F          =     0.0000
                                                R-squared         =     0.0035
                                                Root MSE          =     51.663

------------------------------------------------------------------------------
             |               Robust
        ce02 | Coefficient  std. err.      t    P>|t|     [95% conf. interval]
-------------+----------------------------------------------------------------
    paradise |  -.0461099    4.72672    -0.01   0.992    -9.312257    9.220037
         did |  -2.620581   5.529751    -0.47   0.636    -13.46097    8.219808
             |
        year |
       2018  |  -.3437627   1.726306    -0.20   0.842    -3.727971    3.040446
       2019  |   -.691944   1.720398    -0.40   0.688    -4.064571    2.680683
             |
   age_pwork |   3.575869   .7996612     4.47   0.000     2.008233    5.143506
   ed_hsplus |  -9.331986   1.016955    -9.18   0.000     -11.3256   -7.338373
  ed_college |   2.521655   2.100942     1.20   0.230     -1.59698    6.640291
    p_female |    .394923   1.036143     0.38   0.703    -1.636306    2.426152
       _cons |   17.69289   1.543349    11.46   0.000     14.66735    20.71844
------------------------------------------------------------------------------

. *more than $3,333
. reg ce03 paradise did i.year age_pwork ed_hsplus ed_college p_female, r

Linear regression                               Number of obs     =      5,774
                                                F(8, 5765)        =      12.46
                                                Prob > F          =     0.0000
                                                R-squared         =     0.0039
                                                Root MSE          =     86.935

------------------------------------------------------------------------------
             |               Robust
        ce03 | Coefficient  std. err.      t    P>|t|     [95% conf. interval]
-------------+----------------------------------------------------------------
    paradise |  -3.872281   5.635848    -0.69   0.492    -14.92066    7.176098
         did |  -2.738342   6.601599    -0.41   0.678    -15.67996    10.20327
             |
        year |
       2018  |   .5323419   2.882705     0.18   0.853    -5.118843    6.183527
       2019  |   1.271931   2.914254     0.44   0.663    -4.441102    6.984964
             |
   age_pwork |   7.101338   1.205618     5.89   0.000     4.737875    9.464801
   ed_hsplus |  -.9908025   .9522868    -1.04   0.298    -2.857642    .8760373
  ed_college |   21.45036   3.680569     5.83   0.000     14.23506    28.66566
    p_female |  -1.161031   1.743546    -0.67   0.506    -4.579036    2.256975
       _cons |   9.477927   2.100154     4.51   0.000     5.360836    13.59502
------------------------------------------------------------------------------

. 
. 
. 
. 
. 
. 
. 
. 
. 
. 
. 
. 
. 
. 
. 
end of do-file

. exit, clear
